d:\заметки\zam-2022\zam-2022\zam-2022\debug\vc143.pdb
d:\заметки\zam-2022\zam-2022\zam-2022\debug\vc143.idb
d:\заметки\zam-2022\zam-2022\zam-2022\debug\semanalysis.obj
d:\заметки\zam-2022\zam-2022\zam-2022\debug\polishnotation.obj
d:\заметки\zam-2022\zam-2022\zam-2022\debug\pch.obj
d:\заметки\zam-2022\zam-2022\zam-2022\debug\mfst.obj
d:\заметки\zam-2022\zam-2022\zam-2022\debug\lt.obj
d:\заметки\zam-2022\zam-2022\zam-2022\debug\log.obj
d:\заметки\zam-2022\zam-2022\zam-2022\debug\lexanalysis.obj
d:\заметки\zam-2022\zam-2022\zam-2022\debug\it.obj
d:\заметки\zam-2022\zam-2022\zam-2022\debug\in.obj
d:\заметки\zam-2022\zam-2022\zam-2022\debug\greibach.obj
d:\заметки\zam-2022\zam-2022\zam-2022\debug\generator.obj
d:\заметки\zam-2022\zam-2022\zam-2022\debug\fst.obj
d:\заметки\zam-2022\zam-2022\zam-2022\debug\error.obj
d:\заметки\zam-2022\zam-2022\zam-2022\debug\parm.obj
d:\заметки\zam-2022\zam-2022\zam-2022\debug\zam-2022.obj
d:\заметки\zam-2022\zam-2022\debug\zam-2022.exe
d:\заметки\zam-2022\zam-2022\zam-2022\debug\zam-2022.ilk
d:\заметки\zam-2022\zam-2022\debug\zam-2022.pdb
d:\заметки\zam-2022\zam-2022\zam-2022\debug\zam-2022.tlog\cl.command.1.tlog
d:\заметки\zam-2022\zam-2022\zam-2022\debug\zam-2022.tlog\cl.read.1.tlog
d:\заметки\zam-2022\zam-2022\zam-2022\debug\zam-2022.tlog\cl.write.1.tlog
d:\заметки\zam-2022\zam-2022\zam-2022\debug\zam-2022.tlog\link.command.1.tlog
d:\заметки\zam-2022\zam-2022\zam-2022\debug\zam-2022.tlog\link.read.1.tlog
d:\заметки\zam-2022\zam-2022\zam-2022\debug\zam-2022.tlog\link.write.1.tlog
